c:\code\queen\queen\x64\debug\vc143.pdb
c:\code\queen\queen\x64\debug\vc143.idb
c:\code\queen\queen\x64\debug\test.obj
c:\code\queen\queen\x64\debug\queue.obj
c:\code\queen\x64\debug\queen.exe
c:\code\queen\x64\debug\queen.pdb
c:\code\queen\queen\x64\debug\queen.ilk
c:\code\queen\queen\x64\debug\queen.obj
c:\code\queen\queen\x64\debug\queen.pdb
c:\code\queen\queen\x64\debug\queen.tlog\cl.command.1.tlog
c:\code\queen\queen\x64\debug\queen.tlog\cl.items.tlog
c:\code\queen\queen\x64\debug\queen.tlog\cl.read.1.tlog
c:\code\queen\queen\x64\debug\queen.tlog\cl.write.1.tlog
c:\code\queen\queen\x64\debug\queen.tlog\link.13272-cvtres.read.1.tlog
c:\code\queen\queen\x64\debug\queen.tlog\link.13272-cvtres.write.1.tlog
c:\code\queen\queen\x64\debug\queen.tlog\link.13272-rc.read.1.tlog
c:\code\queen\queen\x64\debug\queen.tlog\link.13272-rc.write.1.tlog
c:\code\queen\queen\x64\debug\queen.tlog\link.13272.read.1.tlog
c:\code\queen\queen\x64\debug\queen.tlog\link.13272.read.2.tlog
c:\code\queen\queen\x64\debug\queen.tlog\link.13272.read.3.tlog
c:\code\queen\queen\x64\debug\queen.tlog\link.13272.read.4.tlog
c:\code\queen\queen\x64\debug\queen.tlog\link.13272.write.1.tlog
c:\code\queen\queen\x64\debug\queen.tlog\link.command.1.tlog
c:\code\queen\queen\x64\debug\queen.tlog\link.read.1.tlog
c:\code\queen\queen\x64\debug\queen.tlog\link.secondary.1.tlog
c:\code\queen\queen\x64\debug\queen.tlog\link.write.1.tlog
